<?xml version="1.0" encoding="UTF-8"?>
<!-- Generated by org.testng.reporters.JUnitReportReporter -->
<testsuite hostname="Mike-PC" name="testFiles.HomePageTest" tests="2" failures="0" timestamp="30 Jul 2015 20:11:38 GMT" time="15.112" errors="0">
  <testcase name="testSolutionsPage" time="11.152" classname="testFiles.HomePageTest"/>
  <testcase name="getHomePage" time="3.960" classname="testFiles.HomePageTest"/>
</testsuite> <!-- testFiles.HomePageTest -->
