<?xml version="1.0" encoding="UTF-8"?>
<!-- Generated by org.testng.reporters.JUnitReportReporter -->
<testsuite hostname="Mike-PC" name="HomePageTest" tests="2" failures="0" timestamp="30 Jul 2015 17:25:27 GMT" time="3.837" errors="0">
  <testcase name="getHomePage" time="2.677" classname="HomePageTest"/>
  <testcase name="testSolutionsTab" time="1.160" classname="HomePageTest"/>
</testsuite> <!-- HomePageTest -->
